<?xml version="1.0" encoding="UTF-8"?>
<testng-results skipped="0" failed="1" ignored="0" total="1" passed="0">
  <reporter-output>
  </reporter-output>
  <suite name="Default suite" duration-ms="46051" started-at="2020-09-03T00:30:08 EDT" finished-at="2020-09-03T00:30:54 EDT">
    <groups>
    </groups>
    <test name="Default test" duration-ms="46051" started-at="2020-09-03T00:30:08 EDT" finished-at="2020-09-03T00:30:54 EDT">
      <class name="com.seleniumautomation.tests.CoronaVirusIndiaCasesTest">
        <test-method status="PASS" signature="config_Load()[pri:0, instance:com.seleniumautomation.tests.CoronaVirusIndiaCasesTest@646be2c3]" name="config_Load" is-config="true" duration-ms="194" started-at="2020-09-03T00:30:08 EDT" finished-at="2020-09-03T00:30:08 EDT">
          <reporter-output>
          </reporter-output>
        </test-method> <!-- config_Load -->
        <test-method status="PASS" signature="setup()[pri:0, instance:com.seleniumautomation.tests.CoronaVirusIndiaCasesTest@646be2c3]" name="setup" is-config="true" duration-ms="32855" started-at="2020-09-03T00:30:09 EDT" finished-at="2020-09-03T00:30:41 EDT">
          <reporter-output>
          </reporter-output>
        </test-method> <!-- setup -->
        <test-method status="FAIL" signature="verfiyTotalCasesCount()[pri:0, instance:com.seleniumautomation.tests.CoronaVirusIndiaCasesTest@646be2c3]" name="verfiyTotalCasesCount" duration-ms="12470" started-at="2020-09-03T00:30:42 EDT" finished-at="2020-09-03T00:30:54 EDT">
          <exception class="java.lang.NumberFormatException">
            <message>
              <![CDATA[For input string: "1,020"]]>
            </message>
            <full-stacktrace>
              <![CDATA[java.lang.NumberFormatException: For input string: "1,020"
at java.lang.NumberFormatException.forInputString(NumberFormatException.java:65)
at java.lang.Integer.parseInt(Integer.java:580)
at java.lang.Integer.parseInt(Integer.java:615)
at com.seleniumautomation.pages.CoronaVirusIndiaCasesPage.countTheTotalCases(CoronaVirusIndiaCasesPage.java:48)
at com.seleniumautomation.tests.CoronaVirusIndiaCasesTest.verfiyTotalCasesCount(CoronaVirusIndiaCasesTest.java:36)
at sun.reflect.NativeMethodAccessorImpl.invoke0(Native Method)
at sun.reflect.NativeMethodAccessorImpl.invoke(NativeMethodAccessorImpl.java:62)
at sun.reflect.DelegatingMethodAccessorImpl.invoke(DelegatingMethodAccessorImpl.java:43)
at java.lang.reflect.Method.invoke(Method.java:498)
at org.testng.internal.MethodInvocationHelper.invokeMethod(MethodInvocationHelper.java:132)
at org.testng.internal.TestInvoker.invokeMethod(TestInvoker.java:599)
at org.testng.internal.TestInvoker.invokeTestMethod(TestInvoker.java:174)
at org.testng.internal.MethodRunner.runInSequence(MethodRunner.java:46)
at org.testng.internal.TestInvoker$MethodInvocationAgent.invoke(TestInvoker.java:822)
at org.testng.internal.TestInvoker.invokeTestMethods(TestInvoker.java:147)
at org.testng.internal.TestMethodWorker.invokeTestMethods(TestMethodWorker.java:146)
at org.testng.internal.TestMethodWorker.run(TestMethodWorker.java:128)
at java.util.ArrayList.forEach(ArrayList.java:1257)
at org.testng.TestRunner.privateRun(TestRunner.java:764)
at org.testng.TestRunner.run(TestRunner.java:585)
at org.testng.SuiteRunner.runTest(SuiteRunner.java:384)
at org.testng.SuiteRunner.runSequentially(SuiteRunner.java:378)
at org.testng.SuiteRunner.privateRun(SuiteRunner.java:337)
at org.testng.SuiteRunner.run(SuiteRunner.java:286)
at org.testng.SuiteRunnerWorker.runSuite(SuiteRunnerWorker.java:53)
at org.testng.SuiteRunnerWorker.run(SuiteRunnerWorker.java:96)
at org.testng.TestNG.runSuitesSequentially(TestNG.java:1218)
at org.testng.TestNG.runSuitesLocally(TestNG.java:1140)
at org.testng.TestNG.runSuites(TestNG.java:1069)
at org.testng.TestNG.run(TestNG.java:1037)
at org.testng.remote.AbstractRemoteTestNG.run(AbstractRemoteTestNG.java:115)
at org.testng.remote.RemoteTestNG.initAndRun(RemoteTestNG.java:251)
at org.testng.remote.RemoteTestNG.main(RemoteTestNG.java:77)
]]>
            </full-stacktrace>
          </exception> <!-- java.lang.NumberFormatException -->
          <reporter-output>
          </reporter-output>
        </test-method> <!-- verfiyTotalCasesCount -->
        <test-method status="PASS" signature="tearDown()[pri:0, instance:com.seleniumautomation.tests.CoronaVirusIndiaCasesTest@646be2c3]" name="tearDown" is-config="true" duration-ms="472" started-at="2020-09-03T00:30:54 EDT" finished-at="2020-09-03T00:30:54 EDT">
          <reporter-output>
          </reporter-output>
        </test-method> <!-- tearDown -->
        <test-method status="PASS" signature="tearDown()[pri:0, instance:com.seleniumautomation.tests.CoronaVirusIndiaCasesTest@646be2c3]" name="tearDown" is-config="true" duration-ms="1" started-at="2020-09-03T00:30:54 EDT" finished-at="2020-09-03T00:30:54 EDT">
          <reporter-output>
          </reporter-output>
        </test-method> <!-- tearDown -->
        <test-method status="PASS" signature="tear_Down()[pri:0, instance:com.seleniumautomation.tests.CoronaVirusIndiaCasesTest@646be2c3]" name="tear_Down" is-config="true" duration-ms="0" started-at="2020-09-03T00:30:59 EDT" finished-at="2020-09-03T00:30:59 EDT">
          <reporter-output>
          </reporter-output>
        </test-method> <!-- tear_Down -->
      </class> <!-- com.seleniumautomation.tests.CoronaVirusIndiaCasesTest -->
    </test> <!-- Default test -->
  </suite> <!-- Default suite -->
</testng-results>
